train dataset is 4563
val dataset is 574
test dataset is 575
torch.Size([32, 288, 288, 1])
Namespace(adj_data='data/SHMetro/graph_sh_conn.pkl', batch_size=32, buildA_true=False, cl=True, clip=5, d_model=64, data='SHMetro.csv', device='cuda:2', dilation_exponential=1, dropout=0.3, dtw_data='data/SHMetro/graph_sh_cor.pkl', emb_dim=64, epochs=300, expid=1, gcn_depth=2, gcn_dim=64, gcn_true=True, in_dim=2, label_len=2, layers=3, learning_rate=0.001, load_static_feature=False, node_dim=40, num_heads=8, num_nodes=288, num_split=1, out_dim=2, print_every=50, propalpha=0.05, root_path='data/SHMetro/', runs=1, save='./save/sh_919', seed=101, seq_in_len=4, seq_out_len=4, st=True, step_size1=2500, step_size2=100, subgraph_size=20, tanhalpha=3, weight_decay=0.0001)
Number of model parameters is 4069570
start training...
arg.epoches 300
epoch is 1
Epoch: 001, Inference Time: 5.6654 secs
Epoch: 001, Train Loss: 65.0637, Train MAPE: 1.6079, Train RMSE: 233.5779, Valid Loss: 111.6443, Valid MAPE: 1.9308, Valid RMSE: 207.2888, Training Time: 135.5069/epoch
epoch is 2
Epoch: 002, Inference Time: 5.6639 secs
Epoch: 002, Train Loss: 38.2698, Train MAPE: 2.1425, Train RMSE: 230.8080, Valid Loss: 127.4838, Valid MAPE: 2.2776, Valid RMSE: 225.3417, Training Time: 135.6877/epoch
epoch is 3
Epoch: 003, Inference Time: 5.7173 secs
Epoch: 003, Train Loss: 33.9433, Train MAPE: 2.4882, Train RMSE: 249.4784, Valid Loss: 144.8207, Valid MAPE: 2.6665, Valid RMSE: 247.5904, Training Time: 135.8601/epoch
epoch is 4
Epoch: 004, Inference Time: 5.6578 secs
Epoch: 004, Train Loss: 31.7813, Train MAPE: 2.7260, Train RMSE: 265.5864, Valid Loss: 158.1824, Valid MAPE: 2.9561, Valid RMSE: 265.2322, Training Time: 135.5955/epoch
epoch is 5
Epoch: 005, Inference Time: 5.6712 secs
Epoch: 005, Train Loss: 29.9726, Train MAPE: 2.9356, Train RMSE: 279.4892, Valid Loss: 168.8178, Valid MAPE: 3.1794, Valid RMSE: 276.6825, Training Time: 135.6117/epoch
epoch is 6
Epoch: 006, Inference Time: 5.6719 secs
Epoch: 006, Train Loss: 28.9709, Train MAPE: 3.1338, Train RMSE: 290.8683, Valid Loss: 175.8721, Valid MAPE: 3.3415, Valid RMSE: 287.0977, Training Time: 135.6807/epoch
epoch is 7
Epoch: 007, Inference Time: 5.6674 secs
Epoch: 007, Train Loss: 29.3442, Train MAPE: 3.3120, Train RMSE: 300.9672, Valid Loss: 182.7608, Valid MAPE: 3.4866, Valid RMSE: 294.9472, Training Time: 135.6523/epoch
epoch is 8
Epoch: 008, Inference Time: 5.6723 secs
Epoch: 008, Train Loss: 28.4957, Train MAPE: 3.4661, Train RMSE: 308.0431, Valid Loss: 190.1411, Valid MAPE: 3.6460, Valid RMSE: 302.7320, Training Time: 135.7231/epoch
epoch is 9
Epoch: 009, Inference Time: 5.6577 secs
Epoch: 009, Train Loss: 29.7561, Train MAPE: 3.6367, Train RMSE: 314.8420, Valid Loss: 197.2830, Valid MAPE: 3.8268, Valid RMSE: 309.3205, Training Time: 135.8011/epoch
epoch is 10
Epoch: 010, Inference Time: 5.6858 secs
Epoch: 010, Train Loss: 27.8098, Train MAPE: 3.7603, Train RMSE: 319.7098, Valid Loss: 201.4742, Valid MAPE: 3.9325, Valid RMSE: 313.3213, Training Time: 135.5698/epoch
epoch is 11
Epoch: 011, Inference Time: 5.6637 secs
Epoch: 011, Train Loss: 27.2774, Train MAPE: 3.8616, Train RMSE: 322.8074, Valid Loss: 206.0765, Valid MAPE: 4.0493, Valid RMSE: 316.7014, Training Time: 135.5578/epoch
epoch is 12
Epoch: 012, Inference Time: 5.6757 secs
Epoch: 012, Train Loss: 26.5300, Train MAPE: 3.9399, Train RMSE: 325.6402, Valid Loss: 208.5857, Valid MAPE: 4.1134, Valid RMSE: 318.9298, Training Time: 135.5580/epoch
epoch is 13
Epoch: 013, Inference Time: 5.6723 secs
Epoch: 013, Train Loss: 26.7025, Train MAPE: 4.0049, Train RMSE: 327.2585, Valid Loss: 210.4176, Valid MAPE: 4.1490, Valid RMSE: 320.4368, Training Time: 135.5916/epoch
epoch is 14
Epoch: 014, Inference Time: 5.7137 secs
Epoch: 014, Train Loss: 26.2951, Train MAPE: 4.0510, Train RMSE: 328.4318, Valid Loss: 211.9556, Valid MAPE: 4.1945, Valid RMSE: 321.5800, Training Time: 135.6993/epoch
epoch is 15
Epoch: 015, Inference Time: 5.6676 secs
Epoch: 015, Train Loss: 26.1398, Train MAPE: 4.0788, Train RMSE: 329.3746, Valid Loss: 213.6507, Valid MAPE: 4.2295, Valid RMSE: 322.4504, Training Time: 135.7986/epoch
epoch is 16
Epoch: 016, Inference Time: 5.7145 secs
Epoch: 016, Train Loss: 25.7028, Train MAPE: 4.1052, Train RMSE: 329.5388, Valid Loss: 213.3575, Valid MAPE: 4.2351, Valid RMSE: 322.6993, Training Time: 135.8477/epoch
epoch is 17
Epoch: 017, Inference Time: 5.6952 secs
Epoch: 017, Train Loss: 25.4078, Train MAPE: 4.1162, Train RMSE: 330.0633, Valid Loss: 214.6092, Valid MAPE: 4.2677, Valid RMSE: 323.0687, Training Time: 135.8802/epoch
epoch is 18
Epoch: 018, Inference Time: 5.6844 secs
Epoch: 018, Train Loss: 52.4615, Train MAPE: 3.7934, Train RMSE: 322.4515, Valid Loss: 166.1084, Valid MAPE: 2.9828, Valid RMSE: 290.1460, Training Time: 135.5709/epoch
epoch is 19
Epoch: 019, Inference Time: 5.7037 secs
Epoch: 019, Train Loss: 42.8694, Train MAPE: 2.8488, Train RMSE: 284.2161, Valid Loss: 152.1406, Valid MAPE: 2.9300, Valid RMSE: 267.2050, Training Time: 135.8205/epoch
epoch is 20
Epoch: 020, Inference Time: 5.6861 secs
Epoch: 020, Train Loss: 30.2504, Train MAPE: 2.8423, Train RMSE: 271.8026, Valid Loss: 150.2699, Valid MAPE: 2.9291, Valid RMSE: 264.3351, Training Time: 135.9455/epoch
epoch is 21
Epoch: 021, Inference Time: 5.6715 secs
Epoch: 021, Train Loss: 27.6819, Train MAPE: 2.8394, Train RMSE: 270.1306, Valid Loss: 150.0309, Valid MAPE: 2.9271, Valid RMSE: 263.9732, Training Time: 135.7447/epoch
epoch is 22
Epoch: 022, Inference Time: 5.6888 secs
Epoch: 022, Train Loss: 26.8825, Train MAPE: 2.8360, Train RMSE: 269.4327, Valid Loss: 149.8486, Valid MAPE: 2.9292, Valid RMSE: 263.8269, Training Time: 135.6550/epoch
epoch is 23
Epoch: 023, Inference Time: 5.6713 secs
Epoch: 023, Train Loss: 26.4169, Train MAPE: 2.8330, Train RMSE: 269.6323, Valid Loss: 149.4954, Valid MAPE: 2.9293, Valid RMSE: 263.6744, Training Time: 135.7266/epoch
epoch is 24
Epoch: 024, Inference Time: 5.6854 secs
Epoch: 024, Train Loss: 25.8723, Train MAPE: 2.8373, Train RMSE: 269.5336, Valid Loss: 149.7347, Valid MAPE: 2.9407, Valid RMSE: 263.5298, Training Time: 135.7045/epoch
epoch is 25
Epoch: 025, Inference Time: 5.6565 secs
Epoch: 025, Train Loss: 25.4773, Train MAPE: 2.8339, Train RMSE: 269.0365, Valid Loss: 149.3668, Valid MAPE: 2.9165, Valid RMSE: 263.5822, Training Time: 135.6086/epoch
epoch is 26
Epoch: 026, Inference Time: 5.6606 secs
Epoch: 026, Train Loss: 25.1853, Train MAPE: 2.8323, Train RMSE: 269.0662, Valid Loss: 148.8101, Valid MAPE: 2.9286, Valid RMSE: 263.2875, Training Time: 135.4341/epoch
epoch is 27
Epoch: 027, Inference Time: 5.6584 secs
Epoch: 027, Train Loss: 25.1985, Train MAPE: 2.8296, Train RMSE: 268.9938, Valid Loss: 148.7973, Valid MAPE: 2.9318, Valid RMSE: 263.2754, Training Time: 135.5330/epoch
epoch is 28
Epoch: 028, Inference Time: 5.6586 secs
Epoch: 028, Train Loss: 24.4531, Train MAPE: 2.8238, Train RMSE: 268.8204, Valid Loss: 149.0124, Valid MAPE: 2.9148, Valid RMSE: 263.2564, Training Time: 135.3265/epoch
epoch is 29
Epoch: 029, Inference Time: 5.6610 secs
Epoch: 029, Train Loss: 24.2965, Train MAPE: 2.8238, Train RMSE: 268.8657, Valid Loss: 148.4440, Valid MAPE: 2.9126, Valid RMSE: 263.0731, Training Time: 135.6549/epoch
epoch is 30
Epoch: 030, Inference Time: 5.7037 secs
Epoch: 030, Train Loss: 24.0295, Train MAPE: 2.8213, Train RMSE: 268.8982, Valid Loss: 148.7273, Valid MAPE: 2.9110, Valid RMSE: 263.1036, Training Time: 135.5955/epoch
epoch is 31
Epoch: 031, Inference Time: 5.6788 secs
Epoch: 031, Train Loss: 24.0975, Train MAPE: 2.8220, Train RMSE: 268.8972, Valid Loss: 148.5460, Valid MAPE: 2.9057, Valid RMSE: 263.0036, Training Time: 135.8794/epoch
epoch is 32
Epoch: 032, Inference Time: 5.6580 secs
Epoch: 032, Train Loss: 23.8873, Train MAPE: 2.8203, Train RMSE: 268.7779, Valid Loss: 148.8148, Valid MAPE: 2.9305, Valid RMSE: 262.9823, Training Time: 135.7373/epoch
epoch is 33
Epoch: 033, Inference Time: 5.6657 secs
Epoch: 033, Train Loss: 23.6562, Train MAPE: 2.8193, Train RMSE: 268.4932, Valid Loss: 148.2712, Valid MAPE: 2.9078, Valid RMSE: 262.8700, Training Time: 135.7923/epoch
epoch is 34
Epoch: 034, Inference Time: 5.7720 secs
Epoch: 034, Train Loss: 23.5225, Train MAPE: 2.8159, Train RMSE: 268.6385, Valid Loss: 148.2234, Valid MAPE: 2.9044, Valid RMSE: 262.8488, Training Time: 147.0792/epoch
epoch is 35
Epoch: 035, Inference Time: 5.8120 secs
Epoch: 035, Train Loss: 23.6470, Train MAPE: 2.8154, Train RMSE: 268.1006, Valid Loss: 148.3261, Valid MAPE: 2.9131, Valid RMSE: 262.7859, Training Time: 137.0882/epoch
epoch is 36
Epoch: 036, Inference Time: 5.7799 secs
Epoch: 036, Train Loss: 40.0284, Train MAPE: 1.9360, Train RMSE: 230.9540, Valid Loss: 90.9650, Valid MAPE: 1.6313, Valid RMSE: 195.6050, Training Time: 137.4445/epoch
epoch is 37
Epoch: 037, Inference Time: 5.7068 secs
Epoch: 037, Train Loss: 27.2957, Train MAPE: 1.5634, Train RMSE: 195.5778, Valid Loss: 88.6437, Valid MAPE: 1.6197, Valid RMSE: 190.3530, Training Time: 136.4639/epoch
epoch is 38
Epoch: 038, Inference Time: 5.6690 secs
Epoch: 038, Train Loss: 25.7097, Train MAPE: 1.5619, Train RMSE: 193.2943, Valid Loss: 88.4763, Valid MAPE: 1.6143, Valid RMSE: 190.1156, Training Time: 136.0875/epoch
epoch is 39
Epoch: 039, Inference Time: 5.6679 secs
Epoch: 039, Train Loss: 24.9442, Train MAPE: 1.5574, Train RMSE: 192.8317, Valid Loss: 88.4196, Valid MAPE: 1.6232, Valid RMSE: 189.8856, Training Time: 135.6828/epoch
epoch is 40
Epoch: 040, Inference Time: 5.6473 secs
Epoch: 040, Train Loss: 24.6286, Train MAPE: 1.5534, Train RMSE: 192.5312, Valid Loss: 88.1065, Valid MAPE: 1.6081, Valid RMSE: 189.6193, Training Time: 135.6444/epoch
epoch is 41
Epoch: 041, Inference Time: 5.6704 secs
Epoch: 041, Train Loss: 24.6337, Train MAPE: 1.5548, Train RMSE: 192.3821, Valid Loss: 87.8733, Valid MAPE: 1.6204, Valid RMSE: 189.4095, Training Time: 135.4559/epoch
epoch is 42
Epoch: 042, Inference Time: 5.6550 secs
Epoch: 042, Train Loss: 24.1749, Train MAPE: 1.5527, Train RMSE: 192.1332, Valid Loss: 87.6326, Valid MAPE: 1.6018, Valid RMSE: 189.3878, Training Time: 135.4720/epoch
epoch is 43
Epoch: 043, Inference Time: 5.6700 secs
Epoch: 043, Train Loss: 24.0093, Train MAPE: 1.5495, Train RMSE: 192.1363, Valid Loss: 87.6474, Valid MAPE: 1.6040, Valid RMSE: 189.3249, Training Time: 135.4304/epoch
epoch is 44
Epoch: 044, Inference Time: 5.6864 secs
Epoch: 044, Train Loss: 23.8403, Train MAPE: 1.5508, Train RMSE: 191.9198, Valid Loss: 87.2622, Valid MAPE: 1.6158, Valid RMSE: 189.1600, Training Time: 136.0164/epoch
epoch is 45
Epoch: 045, Inference Time: 5.8491 secs
Epoch: 045, Train Loss: 23.6884, Train MAPE: 1.5506, Train RMSE: 191.9023, Valid Loss: 86.9209, Valid MAPE: 1.6005, Valid RMSE: 188.9451, Training Time: 136.8104/epoch
epoch is 46
Epoch: 046, Inference Time: 5.8140 secs
Epoch: 046, Train Loss: 23.4355, Train MAPE: 1.5479, Train RMSE: 191.6512, Valid Loss: 87.2317, Valid MAPE: 1.6056, Valid RMSE: 189.0793, Training Time: 137.4388/epoch
epoch is 47
Epoch: 047, Inference Time: 5.7479 secs
Epoch: 047, Train Loss: 23.2291, Train MAPE: 1.5444, Train RMSE: 191.6899, Valid Loss: 87.4211, Valid MAPE: 1.6058, Valid RMSE: 189.0947, Training Time: 137.2865/epoch
epoch is 48
Epoch: 048, Inference Time: 5.8742 secs
Epoch: 048, Train Loss: 23.3101, Train MAPE: 1.5470, Train RMSE: 191.7791, Valid Loss: 87.4468, Valid MAPE: 1.6001, Valid RMSE: 189.0295, Training Time: 136.6485/epoch
epoch is 49
Epoch: 049, Inference Time: 5.7671 secs
Epoch: 049, Train Loss: 23.0315, Train MAPE: 1.5409, Train RMSE: 191.6224, Valid Loss: 86.4660, Valid MAPE: 1.5946, Valid RMSE: 188.6586, Training Time: 137.4822/epoch
epoch is 50
Epoch: 050, Inference Time: 5.7135 secs
Epoch: 050, Train Loss: 22.9631, Train MAPE: 1.5377, Train RMSE: 191.6987, Valid Loss: 87.0479, Valid MAPE: 1.5994, Valid RMSE: 188.9131, Training Time: 137.4635/epoch
epoch is 51
Epoch: 051, Inference Time: 5.7432 secs
Epoch: 051, Train Loss: 22.8302, Train MAPE: 1.5414, Train RMSE: 191.4510, Valid Loss: 86.9564, Valid MAPE: 1.6003, Valid RMSE: 188.7518, Training Time: 136.9919/epoch
epoch is 52
Epoch: 052, Inference Time: 5.7843 secs
Epoch: 052, Train Loss: 22.6592, Train MAPE: 1.5397, Train RMSE: 191.1851, Valid Loss: 86.8730, Valid MAPE: 1.5954, Valid RMSE: 188.8181, Training Time: 137.4746/epoch
epoch is 53
Epoch: 053, Inference Time: 5.7535 secs
Epoch: 053, Train Loss: 29.1627, Train MAPE: 1.3861, Train RMSE: 185.4181, Valid Loss: 44.7785, Valid MAPE: 0.3202, Valid RMSE: 131.8336, Training Time: 137.5330/epoch
epoch is 54
Epoch: 054, Inference Time: 5.7805 secs
Epoch: 054, Train Loss: 29.5409, Train MAPE: 0.2094, Train RMSE: 80.8066, Valid Loss: 28.1273, Valid MAPE: 0.1978, Valid RMSE: 56.9386, Training Time: 137.1568/epoch
epoch is 55
Epoch: 055, Inference Time: 5.8934 secs
Epoch: 055, Train Loss: 24.4836, Train MAPE: 0.1856, Train RMSE: 49.1003, Valid Loss: 27.4789, Valid MAPE: 0.1975, Valid RMSE: 53.4125, Training Time: 137.6487/epoch
epoch is 56
Epoch: 056, Inference Time: 5.6772 secs
Epoch: 056, Train Loss: 24.0252, Train MAPE: 0.1829, Train RMSE: 46.4573, Valid Loss: 27.5931, Valid MAPE: 0.1967, Valid RMSE: 52.7798, Training Time: 136.5464/epoch
epoch is 57
Epoch: 057, Inference Time: 5.6863 secs
Epoch: 057, Train Loss: 23.6911, Train MAPE: 0.1810, Train RMSE: 44.9392, Valid Loss: 27.0426, Valid MAPE: 0.1890, Valid RMSE: 52.1344, Training Time: 136.1045/epoch
epoch is 58
Epoch: 058, Inference Time: 5.6834 secs
Epoch: 058, Train Loss: 23.3472, Train MAPE: 0.1772, Train RMSE: 44.1120, Valid Loss: 27.1835, Valid MAPE: 0.2055, Valid RMSE: 51.6079, Training Time: 135.9118/epoch
epoch is 59
Epoch: 059, Inference Time: 5.6749 secs
Epoch: 059, Train Loss: 23.1919, Train MAPE: 0.1766, Train RMSE: 43.7312, Valid Loss: 27.6734, Valid MAPE: 0.1921, Valid RMSE: 52.0960, Training Time: 135.9402/epoch
epoch is 60
Epoch: 060, Inference Time: 5.7313 secs
Epoch: 060, Train Loss: 23.0797, Train MAPE: 0.1756, Train RMSE: 43.3493, Valid Loss: 26.5555, Valid MAPE: 0.1956, Valid RMSE: 50.6579, Training Time: 135.8974/epoch
epoch is 61
Epoch: 061, Inference Time: 5.6971 secs
Epoch: 061, Train Loss: 22.9490, Train MAPE: 0.1749, Train RMSE: 42.8937, Valid Loss: 27.7496, Valid MAPE: 0.2010, Valid RMSE: 52.4828, Training Time: 135.9021/epoch
epoch is 62
Epoch: 062, Inference Time: 5.6822 secs
Epoch: 062, Train Loss: 22.8284, Train MAPE: 0.1729, Train RMSE: 42.5926, Valid Loss: 26.4032, Valid MAPE: 0.1914, Valid RMSE: 50.7441, Training Time: 135.9764/epoch
epoch is 63
Epoch: 063, Inference Time: 5.7218 secs
Epoch: 063, Train Loss: 22.6524, Train MAPE: 0.1720, Train RMSE: 42.1435, Valid Loss: 26.3200, Valid MAPE: 0.2004, Valid RMSE: 50.1608, Training Time: 136.2727/epoch
epoch is 64
Epoch: 064, Inference Time: 5.6877 secs
Epoch: 064, Train Loss: 22.6786, Train MAPE: 0.1731, Train RMSE: 41.9874, Valid Loss: 26.6364, Valid MAPE: 0.1876, Valid RMSE: 51.0575, Training Time: 136.0734/epoch
epoch is 65
Epoch: 065, Inference Time: 5.6789 secs
Epoch: 065, Train Loss: 22.5821, Train MAPE: 0.1721, Train RMSE: 41.8271, Valid Loss: 26.6320, Valid MAPE: 0.1864, Valid RMSE: 50.8419, Training Time: 136.1199/epoch
epoch is 66
Epoch: 066, Inference Time: 5.6989 secs
Epoch: 066, Train Loss: 22.4182, Train MAPE: 0.1699, Train RMSE: 41.5877, Valid Loss: 26.5028, Valid MAPE: 0.1821, Valid RMSE: 50.5295, Training Time: 136.2639/epoch
epoch is 67
Epoch: 067, Inference Time: 5.7154 secs
Epoch: 067, Train Loss: 22.3612, Train MAPE: 0.1700, Train RMSE: 41.3828, Valid Loss: 27.1379, Valid MAPE: 0.1890, Valid RMSE: 51.4966, Training Time: 135.9465/epoch
epoch is 68
Epoch: 068, Inference Time: 5.6933 secs
Epoch: 068, Train Loss: 22.2377, Train MAPE: 0.1692, Train RMSE: 41.1103, Valid Loss: 25.7988, Valid MAPE: 0.1829, Valid RMSE: 48.9669, Training Time: 135.9959/epoch
epoch is 69
Epoch: 069, Inference Time: 5.7210 secs
Epoch: 069, Train Loss: 22.1984, Train MAPE: 0.1689, Train RMSE: 41.0428, Valid Loss: 26.1043, Valid MAPE: 0.1818, Valid RMSE: 49.7607, Training Time: 136.1551/epoch
epoch is 70
Epoch: 070, Inference Time: 5.7543 secs
Epoch: 070, Train Loss: 22.1130, Train MAPE: 0.1682, Train RMSE: 40.8376, Valid Loss: 26.0227, Valid MAPE: 0.1817, Valid RMSE: 49.5268, Training Time: 136.6820/epoch
epoch is 71
Epoch: 071, Inference Time: 5.6882 secs
Epoch: 071, Train Loss: 22.1365, Train MAPE: 0.1689, Train RMSE: 40.8338, Valid Loss: 25.8028, Valid MAPE: 0.1796, Valid RMSE: 49.2374, Training Time: 136.2809/epoch
epoch is 72
Epoch: 072, Inference Time: 5.6724 secs
Epoch: 072, Train Loss: 21.9133, Train MAPE: 0.1675, Train RMSE: 40.4340, Valid Loss: 26.2356, Valid MAPE: 0.1808, Valid RMSE: 49.9062, Training Time: 135.7506/epoch
epoch is 73
Epoch: 073, Inference Time: 5.7736 secs
Epoch: 073, Train Loss: 21.9897, Train MAPE: 0.1665, Train RMSE: 40.5745, Valid Loss: 25.7294, Valid MAPE: 0.1826, Valid RMSE: 49.3515, Training Time: 136.0066/epoch
epoch is 74
Epoch: 074, Inference Time: 5.6947 secs
Epoch: 074, Train Loss: 21.8982, Train MAPE: 0.1665, Train RMSE: 40.4603, Valid Loss: 25.8814, Valid MAPE: 0.1889, Valid RMSE: 49.5417, Training Time: 136.1926/epoch
epoch is 75
Epoch: 075, Inference Time: 5.6854 secs
Epoch: 075, Train Loss: 21.8518, Train MAPE: 0.1659, Train RMSE: 40.2689, Valid Loss: 25.9276, Valid MAPE: 0.1833, Valid RMSE: 49.4979, Training Time: 136.4262/epoch
epoch is 76
Epoch: 076, Inference Time: 5.7025 secs
Epoch: 076, Train Loss: 21.7819, Train MAPE: 0.1656, Train RMSE: 40.2291, Valid Loss: 26.0161, Valid MAPE: 0.1791, Valid RMSE: 49.9053, Training Time: 136.2316/epoch
epoch is 77
Epoch: 077, Inference Time: 5.7433 secs
Epoch: 077, Train Loss: 21.7092, Train MAPE: 0.1649, Train RMSE: 39.8983, Valid Loss: 25.6526, Valid MAPE: 0.1826, Valid RMSE: 49.3412, Training Time: 136.9559/epoch
epoch is 78
Epoch: 078, Inference Time: 5.6484 secs
Epoch: 078, Train Loss: 21.6186, Train MAPE: 0.1639, Train RMSE: 39.7683, Valid Loss: 25.8561, Valid MAPE: 0.1801, Valid RMSE: 49.5105, Training Time: 135.7751/epoch
epoch is 79
Epoch: 079, Inference Time: 5.6580 secs
Epoch: 079, Train Loss: 21.6584, Train MAPE: 0.1640, Train RMSE: 39.8981, Valid Loss: 25.7705, Valid MAPE: 0.1828, Valid RMSE: 49.3332, Training Time: 135.4791/epoch
epoch is 80
Epoch: 080, Inference Time: 5.6600 secs
Epoch: 080, Train Loss: 21.5408, Train MAPE: 0.1637, Train RMSE: 39.6046, Valid Loss: 25.4741, Valid MAPE: 0.1777, Valid RMSE: 48.6810, Training Time: 135.6199/epoch
epoch is 81
Epoch: 081, Inference Time: 5.6492 secs
Epoch: 081, Train Loss: 21.5092, Train MAPE: 0.1633, Train RMSE: 39.6110, Valid Loss: 25.7547, Valid MAPE: 0.1816, Valid RMSE: 49.2251, Training Time: 135.6143/epoch
epoch is 82
Epoch: 082, Inference Time: 5.6736 secs
Epoch: 082, Train Loss: 21.4985, Train MAPE: 0.1632, Train RMSE: 39.5806, Valid Loss: 25.2835, Valid MAPE: 0.1744, Valid RMSE: 48.3756, Training Time: 135.3477/epoch
epoch is 83
Epoch: 083, Inference Time: 5.6568 secs
Epoch: 083, Train Loss: 21.4159, Train MAPE: 0.1620, Train RMSE: 39.3961, Valid Loss: 25.6916, Valid MAPE: 0.1808, Valid RMSE: 49.0579, Training Time: 135.6796/epoch
epoch is 84
Epoch: 084, Inference Time: 5.6695 secs
Epoch: 084, Train Loss: 21.4030, Train MAPE: 0.1620, Train RMSE: 39.3701, Valid Loss: 25.9218, Valid MAPE: 0.1756, Valid RMSE: 49.7532, Training Time: 135.3821/epoch
epoch is 85
Epoch: 085, Inference Time: 5.6612 secs
Epoch: 085, Train Loss: 21.3543, Train MAPE: 0.1622, Train RMSE: 39.2336, Valid Loss: 26.3070, Valid MAPE: 0.1819, Valid RMSE: 50.0122, Training Time: 135.5497/epoch
epoch is 86
Epoch: 086, Inference Time: 5.6482 secs
Epoch: 086, Train Loss: 21.3249, Train MAPE: 0.1617, Train RMSE: 39.1993, Valid Loss: 25.3450, Valid MAPE: 0.1825, Valid RMSE: 48.5652, Training Time: 135.5054/epoch
epoch is 87
Epoch: 087, Inference Time: 5.6685 secs
Epoch: 087, Train Loss: 21.3342, Train MAPE: 0.1627, Train RMSE: 39.0539, Valid Loss: 25.3306, Valid MAPE: 0.1824, Valid RMSE: 48.5758, Training Time: 135.4432/epoch
epoch is 88
Epoch: 088, Inference Time: 5.6969 secs
Epoch: 088, Train Loss: 21.2182, Train MAPE: 0.1603, Train RMSE: 38.9899, Valid Loss: 25.7865, Valid MAPE: 0.1788, Valid RMSE: 49.1801, Training Time: 135.3734/epoch
epoch is 89
Epoch: 089, Inference Time: 5.6715 secs
Epoch: 089, Train Loss: 21.2057, Train MAPE: 0.1607, Train RMSE: 38.9479, Valid Loss: 25.4084, Valid MAPE: 0.1768, Valid RMSE: 48.8331, Training Time: 135.5101/epoch
epoch is 90
Epoch: 090, Inference Time: 5.6680 secs
Epoch: 090, Train Loss: 21.1961, Train MAPE: 0.1608, Train RMSE: 38.9018, Valid Loss: 25.4193, Valid MAPE: 0.1761, Valid RMSE: 48.9907, Training Time: 135.5649/epoch
epoch is 91
Epoch: 091, Inference Time: 5.7191 secs
Epoch: 091, Train Loss: 21.1983, Train MAPE: 0.1603, Train RMSE: 38.9242, Valid Loss: 25.6433, Valid MAPE: 0.1773, Valid RMSE: 48.6434, Training Time: 135.6714/epoch
epoch is 92
Epoch: 092, Inference Time: 5.6787 secs
Epoch: 092, Train Loss: 21.1189, Train MAPE: 0.1600, Train RMSE: 38.7542, Valid Loss: 25.2035, Valid MAPE: 0.1770, Valid RMSE: 48.2177, Training Time: 135.7006/epoch
epoch is 93
Epoch: 093, Inference Time: 5.6744 secs
Epoch: 093, Train Loss: 21.1046, Train MAPE: 0.1599, Train RMSE: 38.6932, Valid Loss: 25.4669, Valid MAPE: 0.1790, Valid RMSE: 48.4832, Training Time: 135.6728/epoch
epoch is 94
Epoch: 094, Inference Time: 5.6728 secs
Epoch: 094, Train Loss: 21.0155, Train MAPE: 0.1594, Train RMSE: 38.5402, Valid Loss: 25.7073, Valid MAPE: 0.1783, Valid RMSE: 49.3731, Training Time: 135.8467/epoch
epoch is 95
Epoch: 095, Inference Time: 5.7009 secs
Epoch: 095, Train Loss: 21.1536, Train MAPE: 0.1603, Train RMSE: 38.7797, Valid Loss: 26.1177, Valid MAPE: 0.1789, Valid RMSE: 48.9181, Training Time: 135.5376/epoch
epoch is 96
Epoch: 096, Inference Time: 5.6871 secs
Epoch: 096, Train Loss: 21.0619, Train MAPE: 0.1597, Train RMSE: 38.6512, Valid Loss: 25.6800, Valid MAPE: 0.1755, Valid RMSE: 49.2396, Training Time: 135.7426/epoch
epoch is 97
Epoch: 097, Inference Time: 5.7020 secs
Epoch: 097, Train Loss: 21.0290, Train MAPE: 0.1584, Train RMSE: 38.5862, Valid Loss: 25.5707, Valid MAPE: 0.1774, Valid RMSE: 48.9131, Training Time: 135.8497/epoch
epoch is 98
Epoch: 098, Inference Time: 5.6664 secs
Epoch: 098, Train Loss: 21.0706, Train MAPE: 0.1594, Train RMSE: 38.6201, Valid Loss: 25.2545, Valid MAPE: 0.1779, Valid RMSE: 48.4111, Training Time: 135.7547/epoch
epoch is 99
Epoch: 099, Inference Time: 5.6568 secs
Epoch: 099, Train Loss: 20.9915, Train MAPE: 0.1587, Train RMSE: 38.5356, Valid Loss: 25.5166, Valid MAPE: 0.1901, Valid RMSE: 48.4016, Training Time: 135.5727/epoch
epoch is 100
Epoch: 100, Inference Time: 5.6652 secs
Epoch: 100, Train Loss: 20.9284, Train MAPE: 0.1588, Train RMSE: 38.3484, Valid Loss: 25.6194, Valid MAPE: 0.1749, Valid RMSE: 48.9790, Training Time: 135.4216/epoch
epoch is 101
Epoch: 101, Inference Time: 5.6564 secs
Epoch: 101, Train Loss: 20.8564, Train MAPE: 0.1581, Train RMSE: 38.2439, Valid Loss: 25.3277, Valid MAPE: 0.1781, Valid RMSE: 48.3159, Training Time: 135.4167/epoch
epoch is 102
Epoch: 102, Inference Time: 5.6510 secs
Epoch: 102, Train Loss: 20.8729, Train MAPE: 0.1576, Train RMSE: 38.3064, Valid Loss: 25.0336, Valid MAPE: 0.1762, Valid RMSE: 47.9734, Training Time: 135.3276/epoch
epoch is 103
Epoch: 103, Inference Time: 5.6459 secs
Epoch: 103, Train Loss: 20.7859, Train MAPE: 0.1571, Train RMSE: 38.0771, Valid Loss: 25.3997, Valid MAPE: 0.1810, Valid RMSE: 49.1701, Training Time: 135.2938/epoch
epoch is 104
Epoch: 104, Inference Time: 5.6525 secs
Epoch: 104, Train Loss: 20.9100, Train MAPE: 0.1583, Train RMSE: 38.2838, Valid Loss: 25.2383, Valid MAPE: 0.1747, Valid RMSE: 48.4953, Training Time: 135.3861/epoch
epoch is 105
Epoch: 105, Inference Time: 5.6531 secs
Epoch: 105, Train Loss: 20.8323, Train MAPE: 0.1575, Train RMSE: 38.1407, Valid Loss: 26.1969, Valid MAPE: 0.1758, Valid RMSE: 48.9957, Training Time: 135.3721/epoch
epoch is 106
Epoch: 106, Inference Time: 5.6861 secs
Epoch: 106, Train Loss: 20.8056, Train MAPE: 0.1574, Train RMSE: 38.0425, Valid Loss: 24.9144, Valid MAPE: 0.1729, Valid RMSE: 47.6903, Training Time: 135.3592/epoch
epoch is 107
Epoch: 107, Inference Time: 5.6664 secs
Epoch: 107, Train Loss: 20.8178, Train MAPE: 0.1569, Train RMSE: 38.1856, Valid Loss: 25.3551, Valid MAPE: 0.1741, Valid RMSE: 48.4842, Training Time: 135.3778/epoch
epoch is 108
Epoch: 108, Inference Time: 5.6455 secs
Epoch: 108, Train Loss: 20.8428, Train MAPE: 0.1571, Train RMSE: 38.1355, Valid Loss: 25.0470, Valid MAPE: 0.1744, Valid RMSE: 48.0530, Training Time: 135.2682/epoch
epoch is 109
Epoch: 109, Inference Time: 5.6505 secs
Epoch: 109, Train Loss: 20.7045, Train MAPE: 0.1559, Train RMSE: 37.9736, Valid Loss: 25.1840, Valid MAPE: 0.1736, Valid RMSE: 48.3907, Training Time: 135.4498/epoch
epoch is 110
Epoch: 110, Inference Time: 5.6679 secs
Epoch: 110, Train Loss: 20.7387, Train MAPE: 0.1575, Train RMSE: 37.9094, Valid Loss: 25.2536, Valid MAPE: 0.1748, Valid RMSE: 47.8084, Training Time: 135.4318/epoch
epoch is 111
Epoch: 111, Inference Time: 5.6523 secs
Epoch: 111, Train Loss: 20.5937, Train MAPE: 0.1554, Train RMSE: 37.7430, Valid Loss: 25.1992, Valid MAPE: 0.1743, Valid RMSE: 48.1746, Training Time: 135.5781/epoch
epoch is 112
Epoch: 112, Inference Time: 5.6720 secs
Epoch: 112, Train Loss: 20.6064, Train MAPE: 0.1551, Train RMSE: 37.7585, Valid Loss: 25.0629, Valid MAPE: 0.1740, Valid RMSE: 47.9811, Training Time: 135.5503/epoch
epoch is 113
Epoch: 113, Inference Time: 5.6578 secs
Epoch: 113, Train Loss: 20.6319, Train MAPE: 0.1558, Train RMSE: 37.7329, Valid Loss: 24.8578, Valid MAPE: 0.1717, Valid RMSE: 47.8117, Training Time: 135.4714/epoch
epoch is 114
Epoch: 114, Inference Time: 5.6651 secs
Epoch: 114, Train Loss: 20.5750, Train MAPE: 0.1558, Train RMSE: 37.6524, Valid Loss: 25.1541, Valid MAPE: 0.1806, Valid RMSE: 48.0332, Training Time: 135.5685/epoch
epoch is 115
Epoch: 115, Inference Time: 5.6632 secs
Epoch: 115, Train Loss: 20.6174, Train MAPE: 0.1561, Train RMSE: 37.6849, Valid Loss: 25.1563, Valid MAPE: 0.1718, Valid RMSE: 48.1515, Training Time: 135.5177/epoch
epoch is 116
Epoch: 116, Inference Time: 5.6466 secs
Epoch: 116, Train Loss: 20.5270, Train MAPE: 0.1548, Train RMSE: 37.5439, Valid Loss: 25.2362, Valid MAPE: 0.1737, Valid RMSE: 48.2570, Training Time: 135.4785/epoch
epoch is 117
Epoch: 117, Inference Time: 5.6581 secs
Epoch: 117, Train Loss: 20.5873, Train MAPE: 0.1554, Train RMSE: 37.6809, Valid Loss: 25.4851, Valid MAPE: 0.1832, Valid RMSE: 48.7837, Training Time: 135.5478/epoch
epoch is 118
Epoch: 118, Inference Time: 5.6680 secs
Epoch: 118, Train Loss: 20.5334, Train MAPE: 0.1548, Train RMSE: 37.5531, Valid Loss: 25.5244, Valid MAPE: 0.1776, Valid RMSE: 48.5540, Training Time: 135.5210/epoch
epoch is 119
Epoch: 119, Inference Time: 5.6740 secs
Epoch: 119, Train Loss: 20.4825, Train MAPE: 0.1551, Train RMSE: 37.4519, Valid Loss: 24.7673, Valid MAPE: 0.1727, Valid RMSE: 47.3651, Training Time: 135.6968/epoch
epoch is 120
Epoch: 120, Inference Time: 5.6682 secs
Epoch: 120, Train Loss: 20.5043, Train MAPE: 0.1548, Train RMSE: 37.4930, Valid Loss: 25.0759, Valid MAPE: 0.1855, Valid RMSE: 47.6235, Training Time: 135.5484/epoch
epoch is 121
Epoch: 121, Inference Time: 5.6700 secs
Epoch: 121, Train Loss: 20.4048, Train MAPE: 0.1545, Train RMSE: 37.3316, Valid Loss: 25.1993, Valid MAPE: 0.1756, Valid RMSE: 48.0904, Training Time: 135.6107/epoch
epoch is 122
Epoch: 122, Inference Time: 5.6596 secs
Epoch: 122, Train Loss: 20.4166, Train MAPE: 0.1548, Train RMSE: 37.3656, Valid Loss: 24.8522, Valid MAPE: 0.1727, Valid RMSE: 47.7452, Training Time: 135.5061/epoch
epoch is 123
Epoch: 123, Inference Time: 5.6690 secs
Epoch: 123, Train Loss: 20.4817, Train MAPE: 0.1548, Train RMSE: 37.4766, Valid Loss: 24.9056, Valid MAPE: 0.1765, Valid RMSE: 47.7426, Training Time: 135.3490/epoch
epoch is 124
Epoch: 124, Inference Time: 5.6589 secs
Epoch: 124, Train Loss: 20.3877, Train MAPE: 0.1538, Train RMSE: 37.2571, Valid Loss: 24.9112, Valid MAPE: 0.1766, Valid RMSE: 47.7973, Training Time: 135.5170/epoch
epoch is 125
Epoch: 125, Inference Time: 5.6421 secs
Epoch: 125, Train Loss: 20.4659, Train MAPE: 0.1548, Train RMSE: 37.4733, Valid Loss: 24.6220, Valid MAPE: 0.1720, Valid RMSE: 47.2130, Training Time: 135.4018/epoch
epoch is 126
Epoch: 126, Inference Time: 5.6424 secs
Epoch: 126, Train Loss: 20.3510, Train MAPE: 0.1542, Train RMSE: 37.1871, Valid Loss: 25.1262, Valid MAPE: 0.1736, Valid RMSE: 48.6036, Training Time: 135.3315/epoch
epoch is 127
Epoch: 127, Inference Time: 5.6461 secs
Epoch: 127, Train Loss: 20.3712, Train MAPE: 0.1536, Train RMSE: 37.2748, Valid Loss: 24.5569, Valid MAPE: 0.1739, Valid RMSE: 47.0959, Training Time: 135.3993/epoch
epoch is 128
Epoch: 128, Inference Time: 5.6613 secs
Epoch: 128, Train Loss: 20.3579, Train MAPE: 0.1537, Train RMSE: 37.2550, Valid Loss: 25.8579, Valid MAPE: 0.1895, Valid RMSE: 49.4926, Training Time: 135.3262/epoch
epoch is 129
Epoch: 129, Inference Time: 5.6937 secs
Epoch: 129, Train Loss: 20.2913, Train MAPE: 0.1531, Train RMSE: 37.0088, Valid Loss: 24.4876, Valid MAPE: 0.1721, Valid RMSE: 47.3367, Training Time: 135.5556/epoch
epoch is 130
Epoch: 130, Inference Time: 5.6648 secs
Epoch: 130, Train Loss: 20.3385, Train MAPE: 0.1530, Train RMSE: 37.2127, Valid Loss: 24.7646, Valid MAPE: 0.1746, Valid RMSE: 47.4112, Training Time: 135.4845/epoch
epoch is 131
Epoch: 131, Inference Time: 5.6579 secs
Epoch: 131, Train Loss: 20.2716, Train MAPE: 0.1532, Train RMSE: 37.0628, Valid Loss: 24.6732, Valid MAPE: 0.1702, Valid RMSE: 47.3097, Training Time: 135.4483/epoch
epoch is 132
Epoch: 132, Inference Time: 5.6647 secs
Epoch: 132, Train Loss: 20.2765, Train MAPE: 0.1529, Train RMSE: 37.0259, Valid Loss: 24.7292, Valid MAPE: 0.1826, Valid RMSE: 47.3526, Training Time: 135.5421/epoch
epoch is 133
Epoch: 133, Inference Time: 5.6585 secs
Epoch: 133, Train Loss: 20.3230, Train MAPE: 0.1533, Train RMSE: 37.1874, Valid Loss: 24.9391, Valid MAPE: 0.1769, Valid RMSE: 48.0083, Training Time: 135.4179/epoch
epoch is 134
Epoch: 134, Inference Time: 5.6561 secs
Epoch: 134, Train Loss: 20.2261, Train MAPE: 0.1529, Train RMSE: 37.0134, Valid Loss: 24.6986, Valid MAPE: 0.1809, Valid RMSE: 47.2926, Training Time: 135.6262/epoch
epoch is 135
Epoch: 135, Inference Time: 5.6630 secs
Epoch: 135, Train Loss: 20.2796, Train MAPE: 0.1531, Train RMSE: 37.0799, Valid Loss: 24.3055, Valid MAPE: 0.1712, Valid RMSE: 46.7256, Training Time: 135.4687/epoch
epoch is 136
Epoch: 136, Inference Time: 5.6660 secs
Epoch: 136, Train Loss: 20.2225, Train MAPE: 0.1528, Train RMSE: 36.9806, Valid Loss: 25.1072, Valid MAPE: 0.1787, Valid RMSE: 48.2151, Training Time: 135.5898/epoch
epoch is 137
Epoch: 137, Inference Time: 5.6610 secs
Epoch: 137, Train Loss: 20.2029, Train MAPE: 0.1525, Train RMSE: 36.9135, Valid Loss: 25.2590, Valid MAPE: 0.1760, Valid RMSE: 48.3698, Training Time: 135.4485/epoch
epoch is 138
Epoch: 138, Inference Time: 5.6642 secs
Epoch: 138, Train Loss: 20.2097, Train MAPE: 0.1523, Train RMSE: 36.9775, Valid Loss: 24.6140, Valid MAPE: 0.1738, Valid RMSE: 47.2256, Training Time: 135.5488/epoch
epoch is 139
Epoch: 139, Inference Time: 5.6502 secs
Epoch: 139, Train Loss: 20.2120, Train MAPE: 0.1526, Train RMSE: 36.9056, Valid Loss: 24.5058, Valid MAPE: 0.1781, Valid RMSE: 46.7011, Training Time: 135.5903/epoch
epoch is 140
Epoch: 140, Inference Time: 5.6465 secs
Epoch: 140, Train Loss: 20.1794, Train MAPE: 0.1524, Train RMSE: 36.8989, Valid Loss: 24.6876, Valid MAPE: 0.1762, Valid RMSE: 47.3556, Training Time: 135.3677/epoch
epoch is 141
Epoch: 141, Inference Time: 5.6497 secs
Epoch: 141, Train Loss: 20.1173, Train MAPE: 0.1521, Train RMSE: 36.7167, Valid Loss: 24.8026, Valid MAPE: 0.1736, Valid RMSE: 47.4016, Training Time: 135.4004/epoch
epoch is 142
Epoch: 142, Inference Time: 5.6424 secs
Epoch: 142, Train Loss: 20.1896, Train MAPE: 0.1527, Train RMSE: 36.8822, Valid Loss: 24.7452, Valid MAPE: 0.1703, Valid RMSE: 47.3682, Training Time: 135.5527/epoch
epoch is 143
Epoch: 143, Inference Time: 5.6600 secs
Epoch: 143, Train Loss: 20.1327, Train MAPE: 0.1519, Train RMSE: 36.7430, Valid Loss: 24.9140, Valid MAPE: 0.1876, Valid RMSE: 47.4209, Training Time: 135.4150/epoch
epoch is 144
Epoch: 144, Inference Time: 5.6509 secs
Epoch: 144, Train Loss: 20.1795, Train MAPE: 0.1526, Train RMSE: 36.9191, Valid Loss: 24.8117, Valid MAPE: 0.1711, Valid RMSE: 47.4346, Training Time: 135.2439/epoch
epoch is 145
Epoch: 145, Inference Time: 5.6534 secs
Epoch: 145, Train Loss: 20.1431, Train MAPE: 0.1522, Train RMSE: 36.8315, Valid Loss: 24.9947, Valid MAPE: 0.1731, Valid RMSE: 47.9079, Training Time: 135.6479/epoch
epoch is 146
Epoch: 146, Inference Time: 5.6537 secs
Epoch: 146, Train Loss: 20.2043, Train MAPE: 0.1521, Train RMSE: 36.8856, Valid Loss: 25.1100, Valid MAPE: 0.1932, Valid RMSE: 47.7980, Training Time: 135.4309/epoch
epoch is 147
Epoch: 147, Inference Time: 5.6592 secs
Epoch: 147, Train Loss: 20.0911, Train MAPE: 0.1521, Train RMSE: 36.6703, Valid Loss: 24.5816, Valid MAPE: 0.1719, Valid RMSE: 47.1679, Training Time: 135.4893/epoch
epoch is 148
Epoch: 148, Inference Time: 5.6638 secs
Epoch: 148, Train Loss: 20.1066, Train MAPE: 0.1516, Train RMSE: 36.6957, Valid Loss: 24.5864, Valid MAPE: 0.1735, Valid RMSE: 46.9655, Training Time: 135.3671/epoch
epoch is 149
Epoch: 149, Inference Time: 5.6463 secs
Epoch: 149, Train Loss: 20.1426, Train MAPE: 0.1517, Train RMSE: 36.8072, Valid Loss: 24.8125, Valid MAPE: 0.1766, Valid RMSE: 47.6866, Training Time: 135.5307/epoch
epoch is 150
Epoch: 150, Inference Time: 5.6526 secs
Epoch: 150, Train Loss: 20.1309, Train MAPE: 0.1520, Train RMSE: 36.7361, Valid Loss: 24.6950, Valid MAPE: 0.1713, Valid RMSE: 47.7754, Training Time: 135.4268/epoch
epoch is 151
Epoch: 151, Inference Time: 5.6518 secs
Epoch: 151, Train Loss: 20.0934, Train MAPE: 0.1516, Train RMSE: 36.7123, Valid Loss: 24.7085, Valid MAPE: 0.1746, Valid RMSE: 47.4454, Training Time: 135.4271/epoch
epoch is 152
Epoch: 152, Inference Time: 5.6623 secs
Epoch: 152, Train Loss: 20.0433, Train MAPE: 0.1510, Train RMSE: 36.5582, Valid Loss: 24.4893, Valid MAPE: 0.1796, Valid RMSE: 46.9174, Training Time: 135.4747/epoch
epoch is 153
Epoch: 153, Inference Time: 5.6629 secs
Epoch: 153, Train Loss: 20.0514, Train MAPE: 0.1512, Train RMSE: 36.6616, Valid Loss: 25.0783, Valid MAPE: 0.1720, Valid RMSE: 48.2589, Training Time: 135.4411/epoch
epoch is 154
Epoch: 154, Inference Time: 5.6637 secs
Epoch: 154, Train Loss: 20.0437, Train MAPE: 0.1508, Train RMSE: 36.6515, Valid Loss: 24.4242, Valid MAPE: 0.1750, Valid RMSE: 47.1714, Training Time: 135.5146/epoch
epoch is 155
Epoch: 155, Inference Time: 5.6579 secs
Epoch: 155, Train Loss: 20.0200, Train MAPE: 0.1513, Train RMSE: 36.5630, Valid Loss: 24.4650, Valid MAPE: 0.1715, Valid RMSE: 47.1444, Training Time: 135.4202/epoch
epoch is 156
Epoch: 156, Inference Time: 5.6523 secs
Epoch: 156, Train Loss: 20.0419, Train MAPE: 0.1516, Train RMSE: 36.5747, Valid Loss: 24.7323, Valid MAPE: 0.1739, Valid RMSE: 47.6140, Training Time: 135.2119/epoch
epoch is 157
Epoch: 157, Inference Time: 5.6499 secs
Epoch: 157, Train Loss: 20.0525, Train MAPE: 0.1507, Train RMSE: 36.6839, Valid Loss: 24.6781, Valid MAPE: 0.1714, Valid RMSE: 47.4394, Training Time: 135.4918/epoch
epoch is 158
Epoch: 158, Inference Time: 5.6431 secs
Epoch: 158, Train Loss: 20.0111, Train MAPE: 0.1503, Train RMSE: 36.5630, Valid Loss: 24.5910, Valid MAPE: 0.1706, Valid RMSE: 47.0417, Training Time: 135.3369/epoch
epoch is 159
Epoch: 159, Inference Time: 5.6425 secs
Epoch: 159, Train Loss: 19.9877, Train MAPE: 0.1511, Train RMSE: 36.4960, Valid Loss: 24.7943, Valid MAPE: 0.1684, Valid RMSE: 47.6906, Training Time: 135.2799/epoch
epoch is 160
Epoch: 160, Inference Time: 5.6458 secs
Epoch: 160, Train Loss: 20.0252, Train MAPE: 0.1508, Train RMSE: 36.4873, Valid Loss: 24.2544, Valid MAPE: 0.1697, Valid RMSE: 46.6996, Training Time: 135.3025/epoch
epoch is 161
Epoch: 161, Inference Time: 5.6703 secs
Epoch: 161, Train Loss: 20.0066, Train MAPE: 0.1506, Train RMSE: 36.5793, Valid Loss: 24.5252, Valid MAPE: 0.1755, Valid RMSE: 47.1503, Training Time: 135.4318/epoch
epoch is 162
Epoch: 162, Inference Time: 5.6535 secs
Epoch: 162, Train Loss: 20.0150, Train MAPE: 0.1508, Train RMSE: 36.5530, Valid Loss: 24.8448, Valid MAPE: 0.1778, Valid RMSE: 47.7558, Training Time: 135.2758/epoch
epoch is 163
Epoch: 163, Inference Time: 5.6673 secs
Epoch: 163, Train Loss: 19.9894, Train MAPE: 0.1506, Train RMSE: 36.4640, Valid Loss: 24.7770, Valid MAPE: 0.1710, Valid RMSE: 47.5936, Training Time: 135.5339/epoch
epoch is 164
Epoch: 164, Inference Time: 5.6566 secs
Epoch: 164, Train Loss: 20.0210, Train MAPE: 0.1510, Train RMSE: 36.5132, Valid Loss: 24.5079, Valid MAPE: 0.1765, Valid RMSE: 47.1307, Training Time: 135.3808/epoch
epoch is 165
Epoch: 165, Inference Time: 5.6605 secs
Epoch: 165, Train Loss: 19.9909, Train MAPE: 0.1509, Train RMSE: 36.5148, Valid Loss: 24.5388, Valid MAPE: 0.1675, Valid RMSE: 46.8706, Training Time: 135.5482/epoch
epoch is 166
Epoch: 166, Inference Time: 5.6595 secs
Epoch: 166, Train Loss: 19.9170, Train MAPE: 0.1504, Train RMSE: 36.3860, Valid Loss: 24.6015, Valid MAPE: 0.1712, Valid RMSE: 47.4723, Training Time: 135.4546/epoch
epoch is 167
Epoch: 167, Inference Time: 5.6608 secs
Epoch: 167, Train Loss: 20.0786, Train MAPE: 0.1516, Train RMSE: 36.5777, Valid Loss: 24.3660, Valid MAPE: 0.1719, Valid RMSE: 46.8460, Training Time: 135.4256/epoch
epoch is 168
Epoch: 168, Inference Time: 5.6801 secs
Epoch: 168, Train Loss: 19.9635, Train MAPE: 0.1505, Train RMSE: 36.4198, Valid Loss: 24.5395, Valid MAPE: 0.1776, Valid RMSE: 47.0308, Training Time: 135.6920/epoch
epoch is 169
Epoch: 169, Inference Time: 5.6556 secs
Epoch: 169, Train Loss: 19.9899, Train MAPE: 0.1509, Train RMSE: 36.4740, Valid Loss: 24.8435, Valid MAPE: 0.1784, Valid RMSE: 47.7304, Training Time: 135.6226/epoch
epoch is 170
Epoch: 170, Inference Time: 5.6627 secs
Epoch: 170, Train Loss: 20.0918, Train MAPE: 0.1517, Train RMSE: 36.6724, Valid Loss: 24.5005, Valid MAPE: 0.1834, Valid RMSE: 46.7684, Training Time: 135.5605/epoch
epoch is 171
Epoch: 171, Inference Time: 5.6689 secs
Epoch: 171, Train Loss: 19.9778, Train MAPE: 0.1511, Train RMSE: 36.4122, Valid Loss: 24.9433, Valid MAPE: 0.1718, Valid RMSE: 47.5828, Training Time: 135.7303/epoch
epoch is 172
Epoch: 172, Inference Time: 5.6561 secs
Epoch: 172, Train Loss: 20.0158, Train MAPE: 0.1507, Train RMSE: 36.5159, Valid Loss: 24.3506, Valid MAPE: 0.1759, Valid RMSE: 46.9496, Training Time: 135.7255/epoch
epoch is 173
Epoch: 173, Inference Time: 5.6602 secs
Epoch: 173, Train Loss: 19.8993, Train MAPE: 0.1500, Train RMSE: 36.3517, Valid Loss: 24.4250, Valid MAPE: 0.1724, Valid RMSE: 46.8206, Training Time: 135.6666/epoch
epoch is 174
Epoch: 174, Inference Time: 5.6969 secs
Epoch: 174, Train Loss: 19.9685, Train MAPE: 0.1508, Train RMSE: 36.4374, Valid Loss: 24.5659, Valid MAPE: 0.1738, Valid RMSE: 47.1253, Training Time: 135.5924/epoch
epoch is 175
Epoch: 175, Inference Time: 5.6558 secs
Epoch: 175, Train Loss: 20.0071, Train MAPE: 0.1509, Train RMSE: 36.4780, Valid Loss: 24.3598, Valid MAPE: 0.1833, Valid RMSE: 46.7746, Training Time: 135.4056/epoch
epoch is 176
Epoch: 176, Inference Time: 5.6531 secs
Epoch: 176, Train Loss: 19.9125, Train MAPE: 0.1502, Train RMSE: 36.3518, Valid Loss: 24.2347, Valid MAPE: 0.1714, Valid RMSE: 46.3469, Training Time: 135.3365/epoch
epoch is 177
Epoch: 177, Inference Time: 5.6521 secs
Epoch: 177, Train Loss: 19.9377, Train MAPE: 0.1503, Train RMSE: 36.3772, Valid Loss: 24.4960, Valid MAPE: 0.1683, Valid RMSE: 47.0014, Training Time: 135.5037/epoch
epoch is 178
Epoch: 178, Inference Time: 5.6607 secs
Epoch: 178, Train Loss: 19.8829, Train MAPE: 0.1496, Train RMSE: 36.2624, Valid Loss: 24.3517, Valid MAPE: 0.1789, Valid RMSE: 46.8791, Training Time: 135.5940/epoch
epoch is 179
Epoch: 179, Inference Time: 5.6478 secs
Epoch: 179, Train Loss: 19.8479, Train MAPE: 0.1498, Train RMSE: 36.1751, Valid Loss: 24.2161, Valid MAPE: 0.1755, Valid RMSE: 46.4709, Training Time: 135.5930/epoch
epoch is 180
Epoch: 180, Inference Time: 5.6573 secs
Epoch: 180, Train Loss: 19.8730, Train MAPE: 0.1498, Train RMSE: 36.2869, Valid Loss: 24.2682, Valid MAPE: 0.1701, Valid RMSE: 46.8683, Training Time: 135.5254/epoch
epoch is 181
Epoch: 181, Inference Time: 5.6540 secs
Epoch: 181, Train Loss: 19.9154, Train MAPE: 0.1503, Train RMSE: 36.3286, Valid Loss: 24.0773, Valid MAPE: 0.1731, Valid RMSE: 46.2280, Training Time: 135.4071/epoch
epoch is 182
Epoch: 182, Inference Time: 5.6498 secs
Epoch: 182, Train Loss: 19.8285, Train MAPE: 0.1503, Train RMSE: 36.1276, Valid Loss: 24.2744, Valid MAPE: 0.1723, Valid RMSE: 46.6699, Training Time: 135.5346/epoch
epoch is 183
Epoch: 183, Inference Time: 5.6744 secs
Epoch: 183, Train Loss: 19.8292, Train MAPE: 0.1490, Train RMSE: 36.1851, Valid Loss: 24.0028, Valid MAPE: 0.1679, Valid RMSE: 46.3531, Training Time: 135.3857/epoch
epoch is 184
Epoch: 184, Inference Time: 5.6645 secs
Epoch: 184, Train Loss: 19.8123, Train MAPE: 0.1495, Train RMSE: 36.1537, Valid Loss: 24.2736, Valid MAPE: 0.1743, Valid RMSE: 46.8435, Training Time: 135.5527/epoch
epoch is 185
Epoch: 185, Inference Time: 5.6602 secs
Epoch: 185, Train Loss: 19.8476, Train MAPE: 0.1493, Train RMSE: 36.2727, Valid Loss: 24.4412, Valid MAPE: 0.1694, Valid RMSE: 46.8064, Training Time: 135.5262/epoch
epoch is 186
Epoch: 186, Inference Time: 5.6583 secs
Epoch: 186, Train Loss: 19.7724, Train MAPE: 0.1493, Train RMSE: 36.0688, Valid Loss: 24.6969, Valid MAPE: 0.1750, Valid RMSE: 47.8321, Training Time: 135.6480/epoch
epoch is 187
Epoch: 187, Inference Time: 5.6661 secs
Epoch: 187, Train Loss: 19.8541, Train MAPE: 0.1493, Train RMSE: 36.2462, Valid Loss: 24.5507, Valid MAPE: 0.1766, Valid RMSE: 47.2170, Training Time: 135.4549/epoch
epoch is 188
Epoch: 188, Inference Time: 5.6567 secs
Epoch: 188, Train Loss: 19.7673, Train MAPE: 0.1488, Train RMSE: 36.0828, Valid Loss: 24.3502, Valid MAPE: 0.1700, Valid RMSE: 47.0008, Training Time: 135.3698/epoch
epoch is 189
Epoch: 189, Inference Time: 5.6512 secs
Epoch: 189, Train Loss: 19.7497, Train MAPE: 0.1493, Train RMSE: 36.0352, Valid Loss: 24.4353, Valid MAPE: 0.1672, Valid RMSE: 46.9918, Training Time: 135.4551/epoch
epoch is 190
Epoch: 190, Inference Time: 5.6646 secs
Epoch: 190, Train Loss: 19.7350, Train MAPE: 0.1488, Train RMSE: 35.9735, Valid Loss: 24.5906, Valid MAPE: 0.1748, Valid RMSE: 47.2778, Training Time: 135.3300/epoch
epoch is 191
Epoch: 191, Inference Time: 5.6498 secs
Epoch: 191, Train Loss: 19.7129, Train MAPE: 0.1491, Train RMSE: 35.9167, Valid Loss: 24.6699, Valid MAPE: 0.1742, Valid RMSE: 47.5235, Training Time: 135.4323/epoch
epoch is 192
Epoch: 192, Inference Time: 5.6564 secs
Epoch: 192, Train Loss: 19.7693, Train MAPE: 0.1490, Train RMSE: 36.0884, Valid Loss: 24.9812, Valid MAPE: 0.1835, Valid RMSE: 47.7440, Training Time: 135.3041/epoch
epoch is 193
Epoch: 193, Inference Time: 5.6932 secs
Epoch: 193, Train Loss: 19.7232, Train MAPE: 0.1489, Train RMSE: 35.9606, Valid Loss: 24.6667, Valid MAPE: 0.1764, Valid RMSE: 47.5319, Training Time: 135.3609/epoch
epoch is 194
Epoch: 194, Inference Time: 5.6659 secs
Epoch: 194, Train Loss: 19.7249, Train MAPE: 0.1487, Train RMSE: 35.8882, Valid Loss: 24.0390, Valid MAPE: 0.1731, Valid RMSE: 46.3481, Training Time: 135.3534/epoch
epoch is 195
Epoch: 195, Inference Time: 5.6486 secs
Epoch: 195, Train Loss: 19.6775, Train MAPE: 0.1486, Train RMSE: 35.9064, Valid Loss: 24.3346, Valid MAPE: 0.1718, Valid RMSE: 46.9544, Training Time: 135.6744/epoch
epoch is 196
Epoch: 196, Inference Time: 5.6580 secs
Epoch: 196, Train Loss: 19.8003, Train MAPE: 0.1491, Train RMSE: 36.1530, Valid Loss: 24.2973, Valid MAPE: 0.1707, Valid RMSE: 46.9958, Training Time: 135.5055/epoch
epoch is 197
Epoch: 197, Inference Time: 5.6862 secs
Epoch: 197, Train Loss: 19.6511, Train MAPE: 0.1482, Train RMSE: 35.8497, Valid Loss: 24.5248, Valid MAPE: 0.1752, Valid RMSE: 47.2181, Training Time: 135.4599/epoch
epoch is 198
Epoch: 198, Inference Time: 5.6578 secs
Epoch: 198, Train Loss: 19.7669, Train MAPE: 0.1497, Train RMSE: 36.0055, Valid Loss: 24.8468, Valid MAPE: 0.1703, Valid RMSE: 47.9927, Training Time: 135.7560/epoch
epoch is 199
Epoch: 199, Inference Time: 5.6506 secs
Epoch: 199, Train Loss: 19.7621, Train MAPE: 0.1494, Train RMSE: 36.0513, Valid Loss: 24.7821, Valid MAPE: 0.1706, Valid RMSE: 47.8490, Training Time: 135.3971/epoch
epoch is 200
Epoch: 200, Inference Time: 5.6453 secs
Epoch: 200, Train Loss: 19.7707, Train MAPE: 0.1496, Train RMSE: 36.0332, Valid Loss: 24.3559, Valid MAPE: 0.1714, Valid RMSE: 46.7148, Training Time: 135.3516/epoch
epoch is 201
Epoch: 201, Inference Time: 5.6602 secs
Epoch: 201, Train Loss: 19.7264, Train MAPE: 0.1486, Train RMSE: 35.9702, Valid Loss: 24.3012, Valid MAPE: 0.1704, Valid RMSE: 46.9534, Training Time: 135.3354/epoch
epoch is 202
Epoch: 202, Inference Time: 5.6432 secs
Epoch: 202, Train Loss: 19.7032, Train MAPE: 0.1491, Train RMSE: 35.9081, Valid Loss: 24.4316, Valid MAPE: 0.1716, Valid RMSE: 46.9524, Training Time: 135.2525/epoch
epoch is 203
Epoch: 203, Inference Time: 5.6562 secs
Epoch: 203, Train Loss: 19.6932, Train MAPE: 0.1486, Train RMSE: 35.9306, Valid Loss: 24.6433, Valid MAPE: 0.1769, Valid RMSE: 47.3621, Training Time: 135.3914/epoch
epoch is 204
Epoch: 204, Inference Time: 5.6729 secs
Epoch: 204, Train Loss: 19.7465, Train MAPE: 0.1497, Train RMSE: 35.9663, Valid Loss: 25.2936, Valid MAPE: 0.1794, Valid RMSE: 49.0543, Training Time: 135.3818/epoch
epoch is 205
Epoch: 205, Inference Time: 5.6454 secs
Epoch: 205, Train Loss: 19.7029, Train MAPE: 0.1486, Train RMSE: 35.9654, Valid Loss: 24.5114, Valid MAPE: 0.1671, Valid RMSE: 47.0750, Training Time: 135.2936/epoch
epoch is 206
Epoch: 206, Inference Time: 5.6460 secs
Epoch: 206, Train Loss: 19.6188, Train MAPE: 0.1482, Train RMSE: 35.8036, Valid Loss: 24.3695, Valid MAPE: 0.1678, Valid RMSE: 46.9171, Training Time: 135.4537/epoch
epoch is 207
Epoch: 207, Inference Time: 5.6640 secs
Epoch: 207, Train Loss: 19.6633, Train MAPE: 0.1481, Train RMSE: 35.8697, Valid Loss: 24.4102, Valid MAPE: 0.1704, Valid RMSE: 46.9348, Training Time: 135.4304/epoch
epoch is 208
Epoch: 208, Inference Time: 5.6423 secs
Epoch: 208, Train Loss: 19.6612, Train MAPE: 0.1486, Train RMSE: 35.8631, Valid Loss: 24.2542, Valid MAPE: 0.1719, Valid RMSE: 46.9433, Training Time: 135.3194/epoch
epoch is 209
Epoch: 209, Inference Time: 5.6518 secs
Epoch: 209, Train Loss: 19.6246, Train MAPE: 0.1480, Train RMSE: 35.8180, Valid Loss: 24.8161, Valid MAPE: 0.1863, Valid RMSE: 47.3707, Training Time: 135.2471/epoch
epoch is 210
Epoch: 210, Inference Time: 5.6385 secs
Epoch: 210, Train Loss: 19.6184, Train MAPE: 0.1486, Train RMSE: 35.7034, Valid Loss: 24.6212, Valid MAPE: 0.1700, Valid RMSE: 47.5759, Training Time: 135.4620/epoch
epoch is 211
Epoch: 211, Inference Time: 5.6834 secs
Epoch: 211, Train Loss: 19.6074, Train MAPE: 0.1482, Train RMSE: 35.7692, Valid Loss: 24.3055, Valid MAPE: 0.1707, Valid RMSE: 46.9301, Training Time: 135.2675/epoch
epoch is 212
Epoch: 212, Inference Time: 6.1680 secs
Epoch: 212, Train Loss: 19.6892, Train MAPE: 0.1481, Train RMSE: 35.8683, Valid Loss: 24.3538, Valid MAPE: 0.1755, Valid RMSE: 46.6573, Training Time: 137.7923/epoch
epoch is 213
Epoch: 213, Inference Time: 11.1337 secs
Epoch: 213, Train Loss: 19.5931, Train MAPE: 0.1482, Train RMSE: 35.7321, Valid Loss: 24.7046, Valid MAPE: 0.1785, Valid RMSE: 47.5678, Training Time: 184.7455/epoch
epoch is 214
Epoch: 214, Inference Time: 11.1019 secs
Epoch: 214, Train Loss: 19.6291, Train MAPE: 0.1480, Train RMSE: 35.8123, Valid Loss: 24.5220, Valid MAPE: 0.1675, Valid RMSE: 47.3567, Training Time: 258.2223/epoch
epoch is 215
Epoch: 215, Inference Time: 11.0592 secs
Epoch: 215, Train Loss: 19.6586, Train MAPE: 0.1486, Train RMSE: 35.8180, Valid Loss: 24.6234, Valid MAPE: 0.1827, Valid RMSE: 46.9912, Training Time: 257.9395/epoch
epoch is 216
Epoch: 216, Inference Time: 11.1082 secs
Epoch: 216, Train Loss: 19.6098, Train MAPE: 0.1479, Train RMSE: 35.7340, Valid Loss: 24.2923, Valid MAPE: 0.1710, Valid RMSE: 46.7963, Training Time: 257.3917/epoch
epoch is 217
Epoch: 217, Inference Time: 5.6486 secs
Epoch: 217, Train Loss: 19.6768, Train MAPE: 0.1481, Train RMSE: 35.8104, Valid Loss: 24.6964, Valid MAPE: 0.1730, Valid RMSE: 47.3237, Training Time: 222.6369/epoch
epoch is 218
Epoch: 218, Inference Time: 5.6465 secs
Epoch: 218, Train Loss: 19.5650, Train MAPE: 0.1479, Train RMSE: 35.6779, Valid Loss: 24.0108, Valid MAPE: 0.1651, Valid RMSE: 46.5126, Training Time: 135.3391/epoch
epoch is 219
Epoch: 219, Inference Time: 5.6638 secs
Epoch: 219, Train Loss: 19.5727, Train MAPE: 0.1481, Train RMSE: 35.6489, Valid Loss: 24.4276, Valid MAPE: 0.1688, Valid RMSE: 46.9976, Training Time: 135.3043/epoch
epoch is 220
Epoch: 220, Inference Time: 5.6348 secs
Epoch: 220, Train Loss: 19.5973, Train MAPE: 0.1479, Train RMSE: 35.7719, Valid Loss: 24.3886, Valid MAPE: 0.1751, Valid RMSE: 46.9153, Training Time: 135.3798/epoch
epoch is 221
Epoch: 221, Inference Time: 5.6563 secs
Epoch: 221, Train Loss: 19.5908, Train MAPE: 0.1480, Train RMSE: 35.6920, Valid Loss: 24.5724, Valid MAPE: 0.1714, Valid RMSE: 47.2738, Training Time: 135.2705/epoch
epoch is 222
Epoch: 222, Inference Time: 5.6517 secs
Epoch: 222, Train Loss: 19.5538, Train MAPE: 0.1475, Train RMSE: 35.6180, Valid Loss: 24.0219, Valid MAPE: 0.1692, Valid RMSE: 46.2430, Training Time: 135.5627/epoch
epoch is 223
Epoch: 223, Inference Time: 5.6704 secs
Epoch: 223, Train Loss: 19.6005, Train MAPE: 0.1481, Train RMSE: 35.7335, Valid Loss: 24.2306, Valid MAPE: 0.1728, Valid RMSE: 46.6162, Training Time: 135.5194/epoch
epoch is 224
Epoch: 224, Inference Time: 5.6558 secs
Epoch: 224, Train Loss: 19.5535, Train MAPE: 0.1474, Train RMSE: 35.6037, Valid Loss: 24.6816, Valid MAPE: 0.1726, Valid RMSE: 47.4985, Training Time: 135.4311/epoch
epoch is 225
Epoch: 225, Inference Time: 5.6625 secs
Epoch: 225, Train Loss: 19.5916, Train MAPE: 0.1481, Train RMSE: 35.6239, Valid Loss: 24.3430, Valid MAPE: 0.1741, Valid RMSE: 46.9458, Training Time: 135.6445/epoch
epoch is 226
Epoch: 226, Inference Time: 5.6557 secs
Epoch: 226, Train Loss: 19.5889, Train MAPE: 0.1477, Train RMSE: 35.7186, Valid Loss: 24.1432, Valid MAPE: 0.1682, Valid RMSE: 46.7097, Training Time: 135.4081/epoch
epoch is 227
Epoch: 227, Inference Time: 5.6602 secs
Epoch: 227, Train Loss: 19.5600, Train MAPE: 0.1474, Train RMSE: 35.6691, Valid Loss: 24.1708, Valid MAPE: 0.1719, Valid RMSE: 46.6226, Training Time: 135.3402/epoch
epoch is 228
Epoch: 228, Inference Time: 5.6334 secs
Epoch: 228, Train Loss: 19.5001, Train MAPE: 0.1471, Train RMSE: 35.5207, Valid Loss: 24.1173, Valid MAPE: 0.1669, Valid RMSE: 46.3963, Training Time: 135.3005/epoch
epoch is 229
Epoch: 229, Inference Time: 5.6333 secs
Epoch: 229, Train Loss: 19.5509, Train MAPE: 0.1478, Train RMSE: 35.6427, Valid Loss: 24.6630, Valid MAPE: 0.1733, Valid RMSE: 47.6090, Training Time: 135.2263/epoch
epoch is 230
Epoch: 230, Inference Time: 5.6360 secs
Epoch: 230, Train Loss: 19.5093, Train MAPE: 0.1477, Train RMSE: 35.4615, Valid Loss: 24.1610, Valid MAPE: 0.1780, Valid RMSE: 46.3971, Training Time: 135.3806/epoch
epoch is 231
Epoch: 231, Inference Time: 5.6340 secs
Epoch: 231, Train Loss: 19.5177, Train MAPE: 0.1473, Train RMSE: 35.5618, Valid Loss: 24.2065, Valid MAPE: 0.1691, Valid RMSE: 46.7669, Training Time: 135.1577/epoch
epoch is 232
Epoch: 232, Inference Time: 5.6500 secs
Epoch: 232, Train Loss: 19.5087, Train MAPE: 0.1478, Train RMSE: 35.5832, Valid Loss: 24.3580, Valid MAPE: 0.1685, Valid RMSE: 46.7738, Training Time: 135.0964/epoch
epoch is 233
Epoch: 233, Inference Time: 5.6416 secs
Epoch: 233, Train Loss: 19.5238, Train MAPE: 0.1471, Train RMSE: 35.6177, Valid Loss: 24.7672, Valid MAPE: 0.1704, Valid RMSE: 47.8983, Training Time: 135.3722/epoch
epoch is 234
Epoch: 234, Inference Time: 5.6805 secs
Epoch: 234, Train Loss: 19.5643, Train MAPE: 0.1477, Train RMSE: 35.6682, Valid Loss: 24.1976, Valid MAPE: 0.1698, Valid RMSE: 46.5511, Training Time: 135.3019/epoch
epoch is 235
Epoch: 235, Inference Time: 5.6493 secs
Epoch: 235, Train Loss: 19.5318, Train MAPE: 0.1472, Train RMSE: 35.5844, Valid Loss: 24.4623, Valid MAPE: 0.1772, Valid RMSE: 47.1481, Training Time: 135.3934/epoch
epoch is 236
Epoch: 236, Inference Time: 5.6447 secs
Epoch: 236, Train Loss: 19.4714, Train MAPE: 0.1472, Train RMSE: 35.4831, Valid Loss: 24.2987, Valid MAPE: 0.1669, Valid RMSE: 46.7720, Training Time: 135.3446/epoch
epoch is 237
Epoch: 237, Inference Time: 5.6484 secs
Epoch: 237, Train Loss: 19.4407, Train MAPE: 0.1470, Train RMSE: 35.4041, Valid Loss: 24.2642, Valid MAPE: 0.1684, Valid RMSE: 47.1529, Training Time: 135.3851/epoch
epoch is 238
Epoch: 238, Inference Time: 5.6576 secs
Epoch: 238, Train Loss: 19.4211, Train MAPE: 0.1468, Train RMSE: 35.4137, Valid Loss: 24.2219, Valid MAPE: 0.1771, Valid RMSE: 46.3911, Training Time: 135.4549/epoch
epoch is 239
Epoch: 239, Inference Time: 5.6852 secs
Epoch: 239, Train Loss: 19.5101, Train MAPE: 0.1467, Train RMSE: 35.5678, Valid Loss: 24.4315, Valid MAPE: 0.1682, Valid RMSE: 47.1374, Training Time: 135.5809/epoch
epoch is 240
Epoch: 240, Inference Time: 5.6545 secs
Epoch: 240, Train Loss: 19.4655, Train MAPE: 0.1472, Train RMSE: 35.4172, Valid Loss: 24.1717, Valid MAPE: 0.1730, Valid RMSE: 46.5965, Training Time: 135.3749/epoch
epoch is 241
Epoch: 241, Inference Time: 5.6498 secs
Epoch: 241, Train Loss: 19.4093, Train MAPE: 0.1463, Train RMSE: 35.2975, Valid Loss: 24.5256, Valid MAPE: 0.1831, Valid RMSE: 46.8623, Training Time: 135.2467/epoch
epoch is 242
Epoch: 242, Inference Time: 5.6405 secs
Epoch: 242, Train Loss: 19.4409, Train MAPE: 0.1473, Train RMSE: 35.4103, Valid Loss: 24.3591, Valid MAPE: 0.1731, Valid RMSE: 46.6918, Training Time: 135.3095/epoch
epoch is 243
Epoch: 243, Inference Time: 5.6445 secs
Epoch: 243, Train Loss: 19.5021, Train MAPE: 0.1475, Train RMSE: 35.5857, Valid Loss: 24.1652, Valid MAPE: 0.1723, Valid RMSE: 46.7745, Training Time: 135.3018/epoch
epoch is 244
Epoch: 244, Inference Time: 5.6431 secs
Epoch: 244, Train Loss: 19.4866, Train MAPE: 0.1474, Train RMSE: 35.4932, Valid Loss: 24.3741, Valid MAPE: 0.1701, Valid RMSE: 46.7753, Training Time: 135.2981/epoch
epoch is 245
Epoch: 245, Inference Time: 5.6517 secs
Epoch: 245, Train Loss: 19.4225, Train MAPE: 0.1465, Train RMSE: 35.3368, Valid Loss: 24.3919, Valid MAPE: 0.1794, Valid RMSE: 46.6578, Training Time: 135.3889/epoch
epoch is 246
Epoch: 246, Inference Time: 5.6606 secs
Epoch: 246, Train Loss: 19.4291, Train MAPE: 0.1468, Train RMSE: 35.3722, Valid Loss: 24.2787, Valid MAPE: 0.1721, Valid RMSE: 47.0271, Training Time: 135.1813/epoch
epoch is 247
Epoch: 247, Inference Time: 5.6434 secs
Epoch: 247, Train Loss: 19.4373, Train MAPE: 0.1469, Train RMSE: 35.3829, Valid Loss: 24.2863, Valid MAPE: 0.1757, Valid RMSE: 46.5971, Training Time: 135.3916/epoch
epoch is 248
Epoch: 248, Inference Time: 5.6430 secs
Epoch: 248, Train Loss: 19.4328, Train MAPE: 0.1465, Train RMSE: 35.4091, Valid Loss: 24.4045, Valid MAPE: 0.1770, Valid RMSE: 46.9175, Training Time: 135.2997/epoch
epoch is 249
Epoch: 249, Inference Time: 5.6474 secs
Epoch: 249, Train Loss: 19.4379, Train MAPE: 0.1468, Train RMSE: 35.4242, Valid Loss: 24.0843, Valid MAPE: 0.1705, Valid RMSE: 46.5408, Training Time: 135.2867/epoch
epoch is 250
Epoch: 250, Inference Time: 5.6593 secs
Epoch: 250, Train Loss: 19.3915, Train MAPE: 0.1465, Train RMSE: 35.3021, Valid Loss: 24.0853, Valid MAPE: 0.1743, Valid RMSE: 46.2215, Training Time: 135.4679/epoch
epoch is 251
Epoch: 251, Inference Time: 5.6541 secs
Epoch: 251, Train Loss: 19.4175, Train MAPE: 0.1467, Train RMSE: 35.3748, Valid Loss: 24.6338, Valid MAPE: 0.1802, Valid RMSE: 47.0447, Training Time: 135.4774/epoch
epoch is 252
Epoch: 252, Inference Time: 5.6639 secs
Epoch: 252, Train Loss: 19.3668, Train MAPE: 0.1466, Train RMSE: 35.2231, Valid Loss: 24.2840, Valid MAPE: 0.1690, Valid RMSE: 46.7202, Training Time: 135.2951/epoch
epoch is 253
Epoch: 253, Inference Time: 5.6573 secs
Epoch: 253, Train Loss: 19.4528, Train MAPE: 0.1469, Train RMSE: 35.4691, Valid Loss: 24.1681, Valid MAPE: 0.1685, Valid RMSE: 46.7322, Training Time: 135.4154/epoch
epoch is 254
Epoch: 254, Inference Time: 5.6570 secs
Epoch: 254, Train Loss: 19.4651, Train MAPE: 0.1470, Train RMSE: 35.4640, Valid Loss: 24.6363, Valid MAPE: 0.1710, Valid RMSE: 47.1977, Training Time: 135.3215/epoch
epoch is 255
Epoch: 255, Inference Time: 5.6606 secs
Epoch: 255, Train Loss: 19.3929, Train MAPE: 0.1462, Train RMSE: 35.3436, Valid Loss: 24.1058, Valid MAPE: 0.1711, Valid RMSE: 46.5983, Training Time: 135.3546/epoch
epoch is 256
Epoch: 256, Inference Time: 5.6453 secs
Epoch: 256, Train Loss: 19.3775, Train MAPE: 0.1461, Train RMSE: 35.3386, Valid Loss: 24.1182, Valid MAPE: 0.1691, Valid RMSE: 46.5359, Training Time: 135.3779/epoch
epoch is 257
Epoch: 257, Inference Time: 5.6407 secs
Epoch: 257, Train Loss: 19.3635, Train MAPE: 0.1461, Train RMSE: 35.2212, Valid Loss: 24.6478, Valid MAPE: 0.1754, Valid RMSE: 47.6522, Training Time: 135.4288/epoch
epoch is 258
Epoch: 258, Inference Time: 5.6741 secs
Epoch: 258, Train Loss: 19.3345, Train MAPE: 0.1460, Train RMSE: 35.1645, Valid Loss: 24.6674, Valid MAPE: 0.1708, Valid RMSE: 47.4477, Training Time: 135.3922/epoch
epoch is 259
Epoch: 259, Inference Time: 5.6744 secs
Epoch: 259, Train Loss: 19.3818, Train MAPE: 0.1465, Train RMSE: 35.2701, Valid Loss: 24.4449, Valid MAPE: 0.1803, Valid RMSE: 46.9880, Training Time: 135.2873/epoch
epoch is 260
Epoch: 260, Inference Time: 5.6544 secs
Epoch: 260, Train Loss: 19.3133, Train MAPE: 0.1464, Train RMSE: 35.1678, Valid Loss: 24.8359, Valid MAPE: 0.1763, Valid RMSE: 48.3511, Training Time: 135.3541/epoch
epoch is 261
Epoch: 261, Inference Time: 5.6417 secs
Epoch: 261, Train Loss: 19.3682, Train MAPE: 0.1459, Train RMSE: 35.2714, Valid Loss: 24.2117, Valid MAPE: 0.1732, Valid RMSE: 46.7558, Training Time: 135.1863/epoch
epoch is 262
Epoch: 262, Inference Time: 5.6417 secs
Epoch: 262, Train Loss: 19.3946, Train MAPE: 0.1464, Train RMSE: 35.2929, Valid Loss: 24.3834, Valid MAPE: 0.1810, Valid RMSE: 46.5775, Training Time: 135.3111/epoch
epoch is 263
Epoch: 263, Inference Time: 5.6537 secs
Epoch: 263, Train Loss: 19.3477, Train MAPE: 0.1463, Train RMSE: 35.1775, Valid Loss: 23.9155, Valid MAPE: 0.1639, Valid RMSE: 46.0091, Training Time: 135.2928/epoch
epoch is 264
Epoch: 264, Inference Time: 5.6427 secs
Epoch: 264, Train Loss: 19.3370, Train MAPE: 0.1463, Train RMSE: 35.2034, Valid Loss: 24.7442, Valid MAPE: 0.1783, Valid RMSE: 47.5672, Training Time: 135.2444/epoch
epoch is 265
Epoch: 265, Inference Time: 5.6566 secs
Epoch: 265, Train Loss: 19.3647, Train MAPE: 0.1462, Train RMSE: 35.2512, Valid Loss: 24.5891, Valid MAPE: 0.1840, Valid RMSE: 46.8229, Training Time: 135.5271/epoch
epoch is 266
Epoch: 266, Inference Time: 5.6492 secs
Epoch: 266, Train Loss: 19.3121, Train MAPE: 0.1462, Train RMSE: 35.0874, Valid Loss: 23.9410, Valid MAPE: 0.1679, Valid RMSE: 46.0848, Training Time: 135.3565/epoch
epoch is 267
Epoch: 267, Inference Time: 5.6737 secs
Epoch: 267, Train Loss: 19.3371, Train MAPE: 0.1459, Train RMSE: 35.1842, Valid Loss: 24.3430, Valid MAPE: 0.1745, Valid RMSE: 46.9246, Training Time: 135.4652/epoch
epoch is 268
Epoch: 268, Inference Time: 5.6530 secs
Epoch: 268, Train Loss: 19.3901, Train MAPE: 0.1472, Train RMSE: 35.2253, Valid Loss: 24.1501, Valid MAPE: 0.1688, Valid RMSE: 46.6809, Training Time: 135.4311/epoch
epoch is 269
Epoch: 269, Inference Time: 5.6568 secs
Epoch: 269, Train Loss: 19.4283, Train MAPE: 0.1466, Train RMSE: 35.3537, Valid Loss: 24.0831, Valid MAPE: 0.1672, Valid RMSE: 46.3914, Training Time: 135.5134/epoch
epoch is 270
Epoch: 270, Inference Time: 5.6504 secs
Epoch: 270, Train Loss: 19.3792, Train MAPE: 0.1461, Train RMSE: 35.2974, Valid Loss: 24.0718, Valid MAPE: 0.1700, Valid RMSE: 46.4190, Training Time: 135.3482/epoch
epoch is 271
Epoch: 271, Inference Time: 5.6292 secs
Epoch: 271, Train Loss: 19.3668, Train MAPE: 0.1462, Train RMSE: 35.2029, Valid Loss: 24.6534, Valid MAPE: 0.1749, Valid RMSE: 47.4965, Training Time: 135.2533/epoch
epoch is 272
Epoch: 272, Inference Time: 5.6522 secs
Epoch: 272, Train Loss: 19.3344, Train MAPE: 0.1461, Train RMSE: 35.2075, Valid Loss: 24.5791, Valid MAPE: 0.1777, Valid RMSE: 47.2439, Training Time: 135.3230/epoch
epoch is 273
Epoch: 273, Inference Time: 5.6550 secs
Epoch: 273, Train Loss: 19.3285, Train MAPE: 0.1460, Train RMSE: 35.1392, Valid Loss: 24.4433, Valid MAPE: 0.1713, Valid RMSE: 47.2029, Training Time: 135.3126/epoch
epoch is 274
Epoch: 274, Inference Time: 5.6572 secs
Epoch: 274, Train Loss: 19.3665, Train MAPE: 0.1464, Train RMSE: 35.2715, Valid Loss: 24.3689, Valid MAPE: 0.1700, Valid RMSE: 46.8833, Training Time: 135.3342/epoch
epoch is 275
Epoch: 275, Inference Time: 5.6523 secs
Epoch: 275, Train Loss: 19.3468, Train MAPE: 0.1461, Train RMSE: 35.2219, Valid Loss: 23.9275, Valid MAPE: 0.1685, Valid RMSE: 46.1720, Training Time: 135.4184/epoch
epoch is 276
Epoch: 276, Inference Time: 5.6475 secs
Epoch: 276, Train Loss: 19.2653, Train MAPE: 0.1458, Train RMSE: 35.0684, Valid Loss: 24.4394, Valid MAPE: 0.1714, Valid RMSE: 47.1371, Training Time: 135.3298/epoch
epoch is 277
Epoch: 277, Inference Time: 5.6441 secs
Epoch: 277, Train Loss: 19.2987, Train MAPE: 0.1459, Train RMSE: 35.0846, Valid Loss: 23.9906, Valid MAPE: 0.1716, Valid RMSE: 46.6074, Training Time: 135.3210/epoch
epoch is 278
Epoch: 278, Inference Time: 5.6382 secs
Epoch: 278, Train Loss: 19.3448, Train MAPE: 0.1461, Train RMSE: 35.1755, Valid Loss: 24.2367, Valid MAPE: 0.1692, Valid RMSE: 46.7251, Training Time: 135.3298/epoch
epoch is 279
Epoch: 279, Inference Time: 5.6543 secs
Epoch: 279, Train Loss: 19.3452, Train MAPE: 0.1458, Train RMSE: 35.1691, Valid Loss: 23.9776, Valid MAPE: 0.1683, Valid RMSE: 46.4020, Training Time: 135.4526/epoch
epoch is 280
Epoch: 280, Inference Time: 5.6581 secs
Epoch: 280, Train Loss: 19.3182, Train MAPE: 0.1460, Train RMSE: 35.1721, Valid Loss: 24.0014, Valid MAPE: 0.1720, Valid RMSE: 46.2303, Training Time: 135.2651/epoch
epoch is 281
Epoch: 281, Inference Time: 5.6564 secs
Epoch: 281, Train Loss: 19.2742, Train MAPE: 0.1455, Train RMSE: 35.0751, Valid Loss: 24.6440, Valid MAPE: 0.1796, Valid RMSE: 47.2180, Training Time: 135.2473/epoch
epoch is 282
Epoch: 282, Inference Time: 5.6670 secs
Epoch: 282, Train Loss: 19.3135, Train MAPE: 0.1457, Train RMSE: 35.1242, Valid Loss: 24.3826, Valid MAPE: 0.1742, Valid RMSE: 46.8636, Training Time: 135.4042/epoch
epoch is 283
Epoch: 283, Inference Time: 5.6502 secs
Epoch: 283, Train Loss: 19.3065, Train MAPE: 0.1460, Train RMSE: 35.1711, Valid Loss: 24.1698, Valid MAPE: 0.1702, Valid RMSE: 46.4103, Training Time: 135.4738/epoch
epoch is 284
Epoch: 284, Inference Time: 5.6598 secs
Epoch: 284, Train Loss: 19.2980, Train MAPE: 0.1459, Train RMSE: 35.0476, Valid Loss: 24.2193, Valid MAPE: 0.1729, Valid RMSE: 46.8569, Training Time: 135.3301/epoch
epoch is 285
Epoch: 285, Inference Time: 5.6538 secs
Epoch: 285, Train Loss: 19.2931, Train MAPE: 0.1454, Train RMSE: 35.1564, Valid Loss: 24.2563, Valid MAPE: 0.1695, Valid RMSE: 47.0247, Training Time: 135.4510/epoch
epoch is 286
Epoch: 286, Inference Time: 5.6547 secs
Epoch: 286, Train Loss: 19.3124, Train MAPE: 0.1460, Train RMSE: 35.0927, Valid Loss: 24.0897, Valid MAPE: 0.1666, Valid RMSE: 46.4132, Training Time: 135.3911/epoch
epoch is 287
Epoch: 287, Inference Time: 5.6605 secs
Epoch: 287, Train Loss: 19.2740, Train MAPE: 0.1457, Train RMSE: 35.0646, Valid Loss: 24.0692, Valid MAPE: 0.1665, Valid RMSE: 46.2697, Training Time: 135.2080/epoch
epoch is 288
Epoch: 288, Inference Time: 5.6549 secs
Epoch: 288, Train Loss: 19.2511, Train MAPE: 0.1455, Train RMSE: 35.0322, Valid Loss: 24.0386, Valid MAPE: 0.1683, Valid RMSE: 46.7136, Training Time: 135.3541/epoch
epoch is 289
Epoch: 289, Inference Time: 5.6341 secs
Epoch: 289, Train Loss: 19.2918, Train MAPE: 0.1455, Train RMSE: 35.1098, Valid Loss: 24.1434, Valid MAPE: 0.1705, Valid RMSE: 46.7023, Training Time: 135.4763/epoch
epoch is 290
Epoch: 290, Inference Time: 5.6449 secs
Epoch: 290, Train Loss: 19.2870, Train MAPE: 0.1459, Train RMSE: 35.0996, Valid Loss: 24.7299, Valid MAPE: 0.1706, Valid RMSE: 47.8620, Training Time: 135.2235/epoch
epoch is 291
Epoch: 291, Inference Time: 5.6557 secs
Epoch: 291, Train Loss: 19.2552, Train MAPE: 0.1451, Train RMSE: 35.0668, Valid Loss: 24.3571, Valid MAPE: 0.1694, Valid RMSE: 47.1623, Training Time: 135.2162/epoch
epoch is 292
Epoch: 292, Inference Time: 5.6429 secs
Epoch: 292, Train Loss: 19.2871, Train MAPE: 0.1456, Train RMSE: 35.0459, Valid Loss: 24.3106, Valid MAPE: 0.1798, Valid RMSE: 46.7474, Training Time: 135.2362/epoch
epoch is 293
Epoch: 293, Inference Time: 5.6411 secs
Epoch: 293, Train Loss: 19.2472, Train MAPE: 0.1459, Train RMSE: 35.0143, Valid Loss: 24.0023, Valid MAPE: 0.1710, Valid RMSE: 46.0161, Training Time: 135.1558/epoch
epoch is 294
Epoch: 294, Inference Time: 5.6398 secs
Epoch: 294, Train Loss: 19.2426, Train MAPE: 0.1456, Train RMSE: 34.9898, Valid Loss: 24.2657, Valid MAPE: 0.1707, Valid RMSE: 46.6221, Training Time: 135.0887/epoch
epoch is 295
Epoch: 295, Inference Time: 5.6400 secs
Epoch: 295, Train Loss: 19.2267, Train MAPE: 0.1452, Train RMSE: 35.0082, Valid Loss: 24.0126, Valid MAPE: 0.1779, Valid RMSE: 46.3087, Training Time: 134.9038/epoch
epoch is 296
Epoch: 296, Inference Time: 5.6414 secs
Epoch: 296, Train Loss: 19.1871, Train MAPE: 0.1452, Train RMSE: 34.8528, Valid Loss: 24.0651, Valid MAPE: 0.1660, Valid RMSE: 46.6237, Training Time: 135.1057/epoch
epoch is 297
Epoch: 297, Inference Time: 5.6520 secs
Epoch: 297, Train Loss: 19.2388, Train MAPE: 0.1460, Train RMSE: 34.9874, Valid Loss: 23.8162, Valid MAPE: 0.1713, Valid RMSE: 46.0529, Training Time: 135.5206/epoch
epoch is 298
Epoch: 298, Inference Time: 5.6469 secs
Epoch: 298, Train Loss: 19.2112, Train MAPE: 0.1452, Train RMSE: 34.9644, Valid Loss: 24.1012, Valid MAPE: 0.1723, Valid RMSE: 46.5808, Training Time: 135.0839/epoch
epoch is 299
Epoch: 299, Inference Time: 5.6477 secs
Epoch: 299, Train Loss: 19.2428, Train MAPE: 0.1457, Train RMSE: 34.9556, Valid Loss: 24.0870, Valid MAPE: 0.1719, Valid RMSE: 46.5365, Training Time: 135.2757/epoch
epoch is 300
Epoch: 300, Inference Time: 5.6344 secs
Epoch: 300, Train Loss: 19.1978, Train MAPE: 0.1450, Train RMSE: 34.9632, Valid Loss: 24.0937, Valid MAPE: 0.1740, Valid RMSE: 46.4917, Training Time: 135.1445/epoch
Average Training Time: 137.3222 secs/epoch
Average Inference Time: 5.7436 secs
Training finished
The valid loss on best model is 23.8162
Evaluate best model on test data for horizon 1, Test MAE: 23.3621, Test MAPE: 0.1477, Test RMSE: 42.4988
Evaluate best model on test data for horizon 2, Test MAE: 23.7602, Test MAPE: 0.1509, Test RMSE: 44.0705
Evaluate best model on test data for horizon 3, Test MAE: 24.1653, Test MAPE: 0.1551, Test RMSE: 45.6116
Evaluate best model on test data for horizon 4, Test MAE: 24.6783, Test MAPE: 0.1672, Test RMSE: 47.0895


Results for 10 runs


valid	MAE	RMSE	MAPE
mean:	23.8102	47.3597	0.1713
std:	0.0000	0.0000	0.0000



test|horizon	MAE-mean	RMSE-mean	MAPE-mean	MAE-std	RMSE-std	MAPE-std
1	23.3621	42.4988	0.1477	0.0000	0.0000	0.0000
2	23.7602	44.0705	0.1509	0.0000	0.0000	0.0000
3	24.1653	45.6116	0.1551	0.0000	0.0000	0.0000
4	24.6783	47.0895	0.1672	0.0000	0.0000	0.0000
